c:\c-diez-examples\imageandtime\release\imageandtime.pch
c:\c-diez-examples\imageandtime\release\vc142.pdb
c:\c-diez-examples\imageandtime\release\pch.obj
c:\c-diez-examples\imageandtime\release\scrollhelper.obj
c:\c-diez-examples\imageandtime\release\picturectrl.obj
c:\c-diez-examples\imageandtime\release\layouthelper.obj
c:\c-diez-examples\imageandtime\release\imageandtimedlg.obj
c:\c-diez-examples\imageandtime\release\imageandtime.obj
c:\c-diez-examples\imageandtime\release\imageandtime.ipdb
c:\c-diez-examples\imageandtime\release\imageandtime.iobj
c:\c-diez-examples\imageandtime\release\imageandtime.exe
c:\c-diez-examples\imageandtime\release\imageandtime.pdb
c:\c-diez-examples\imageandtime\release\imageandtime.res
c:\c-diez-examples\imageandtime\release\imageandtime.tlog\cl.command.1.tlog
c:\c-diez-examples\imageandtime\release\imageandtime.tlog\cl.read.1.tlog
c:\c-diez-examples\imageandtime\release\imageandtime.tlog\cl.write.1.tlog
c:\c-diez-examples\imageandtime\release\imageandtime.tlog\imageandtime.write.1u.tlog
c:\c-diez-examples\imageandtime\release\imageandtime.tlog\link.command.1.tlog
c:\c-diez-examples\imageandtime\release\imageandtime.tlog\link.read.1.tlog
c:\c-diez-examples\imageandtime\release\imageandtime.tlog\link.write.1.tlog
c:\c-diez-examples\imageandtime\release\imageandtime.tlog\rc.command.1.tlog
c:\c-diez-examples\imageandtime\release\imageandtime.tlog\rc.read.1.tlog
c:\c-diez-examples\imageandtime\release\imageandtime.tlog\rc.write.1.tlog
